
_________________1-12-2020 1:49:30 PM_________________

	InfoService info|1:49:34 PM|ADAMANT-INFO server listening on port 36668
	InfoService info|1:49:35 PM|Coingecko coin ids fetched successfully
	InfoService info|1:49:39 PM|------------ Rates update started -------------
	InfoService info|1:49:40 PM|Coinmarketcap rates updated against USD successfully
	InfoService error|1:49:40 PM|Unable to process request to iss.moex.com. Error: ReferenceError: cgid is not defined
_________________1-12-2020 1:54:28 PM_________________

	InfoService info|1:54:30 PM|ADAMANT-INFO server listening on port 36668
	InfoService info|1:54:31 PM|Coingecko coin ids fetched successfully
	InfoService info|1:54:35 PM|------------ Rates update started -------------
	InfoService info|1:54:35 PM|Coinmarketcap rates updated against USD successfully
	InfoService error|1:54:36 PM|Unable to process request to iss.moex.com. Error: TypeError: Cannot read property 'join' of undefined
_________________1-12-2020 2:00:24 PM_________________

	InfoService info|2:00:26 PM|ADAMANT-INFO server listening on port 36668
	InfoService info|2:00:27 PM|Coingecko coin ids fetched successfully
	InfoService info|2:00:31 PM|------------ Rates update started -------------
	InfoService info|2:00:31 PM|Coinmarketcap rates updated against USD successfully
	InfoService info|2:00:32 PM|MOEX rates updated successfully
	InfoService info|2:00:33 PM|New rates from all sources saved successfully
	InfoService info|2:00:33 PM|Coingecko rates updated against USD successfully
_________________1-12-2020 2:04:04 PM_________________

	InfoService info|2:04:06 PM|ADAMANT-INFO server listening on port 36668
	InfoService info|2:04:08 PM|Coingecko coin ids fetched successfully
	InfoService info|2:04:11 PM|------------ Rates update started -------------
	InfoService info|2:04:12 PM|Coinmarketcap rates updated against USD successfully
	InfoService info|2:04:12 PM|MOEX rates updated successfully
	InfoService info|2:04:13 PM|New rates from all sources saved successfully
	InfoService info|2:04:13 PM|Coingecko rates updated against USD successfully
_________________1-12-2020 2:06:53 PM_________________

	InfoService info|2:06:55 PM|ADAMANT-INFO server listening on port 36668
	InfoService info|2:06:55 PM|Coingecko coin ids fetched successfully
	InfoService info|2:07:00 PM|------------ Rates update started -------------
	InfoService info|2:07:00 PM|Coinmarketcap rates updated against USD successfully
	InfoService info|2:07:01 PM|MOEX rates updated successfully
	InfoService info|2:07:02 PM|New rates from all sources saved successfully
	InfoService info|2:07:02 PM|Coingecko rates updated against USD successfully
_________________1-12-2020 2:07:29 PM_________________

	InfoService info|2:07:31 PM|ADAMANT-INFO server listening on port 36668
	InfoService info|2:07:36 PM|------------ Rates update started -------------
	InfoService info|2:07:37 PM|Coinmarketcap rates updated against USD successfully
	InfoService info|2:07:37 PM|New rates from all sources saved successfully
	InfoService info|2:07:37 PM|MOEX rates updated successfully
_________________1-12-2020 2:09:13 PM_________________

	InfoService info|2:09:15 PM|ADAMANT-INFO server listening on port 36668
	InfoService info|2:09:15 PM|Coingecko coin ids fetched successfully
	InfoService info|2:09:20 PM|------------ Rates update started -------------
	InfoService info|2:09:20 PM|Coinmarketcap rates updated against USD successfully
	InfoService info|2:09:21 PM|MOEX rates updated successfully
	InfoService info|2:09:22 PM|New rates from all sources saved successfully
	InfoService info|2:09:22 PM|Coingecko rates updated against USD successfully