
_________________1-9-2020 6:51:09 PM_________________

_________________1-9-2020 7:09:38 PM_________________

_________________1-9-2020 7:33:37 PM_________________

_________________1-9-2020 7:34:51 PM_________________

	InfoService info|7:34:51 PM|ADAMANT-INFO server listening on port 36668
	InfoService info|7:34:52 PM|MOEX rates updated successfully
	InfoService info|7:34:53 PM|Coinmarketcap rates updated against USD successfully
_________________1-9-2020 7:39:41 PM_________________

	InfoService info|7:39:41 PM|------------ Rates update started -------------
	InfoService info|7:39:41 PM|ADAMANT-INFO server listening on port 36668
	InfoService info|7:39:42 PM|MOEX rates updated successfully
	InfoService info|7:39:44 PM|Coinmarketcap rates updated against USD successfully
	InfoService info|7:39:44 PM|New rates saved successfully
_________________1-9-2020 7:39:53 PM_________________

	InfoService info|7:39:53 PM|------------ Rates update started -------------
	InfoService info|7:39:53 PM|ADAMANT-INFO server listening on port 36668
	InfoService info|7:39:54 PM|MOEX rates updated successfully
	InfoService error|7:39:54 PM|Unable to process data from request to pro-api.coinmarketcap.com. Wrong CMC API key? Error: TypeError: Cannot read property 'quote' of undefined
_________________1-9-2020 7:43:49 PM_________________

	InfoService info|7:43:50 PM|------------ Rates update started -------------
	InfoService info|7:43:50 PM|ADAMANT-INFO server listening on port 36668
	InfoService info|7:43:51 PM|MOEX rates updated successfully
	InfoService error|7:43:51 PM|Unable to process data from request to pro-api.coinmarketcap.com. Wrong CMC API key? Error: TypeError: Cannot read property 'quote' of undefined
_________________1-9-2020 7:44:48 PM_________________

	InfoService info|7:44:49 PM|------------ Rates update started -------------
	InfoService info|7:44:49 PM|ADAMANT-INFO server listening on port 36668
	InfoService info|7:44:49 PM|MOEX rates updated successfully
	InfoService error|7:44:50 PM|Unable to process data from request to pro-api.coinmarketcap.com. Wrong CMC API key? Error: TypeError: Cannot read property 'quote' of undefined
_________________1-9-2020 7:50:24 PM_________________

	InfoService info|7:50:24 PM|------------ Rates update started -------------
	InfoService info|7:50:24 PM|ADAMANT-INFO server listening on port 36668
	InfoService info|7:50:24 PM|MOEX rates updated successfully
	InfoService error|7:50:25 PM|Unable to process data from request to pro-api.coinmarketcap.com. Wrong CMC API key? Error: TypeError: Cannot read property 'quote' of undefined
	InfoService error|7:50:25 PM|Error: Unable to save new rates
_________________1-9-2020 7:58:06 PM_________________

	InfoService info|7:58:07 PM|------------ Rates update started -------------
	InfoService info|7:58:07 PM|ADAMANT-INFO server listening on port 36668
	InfoService info|7:58:07 PM|MOEX rates updated successfully
	InfoService error|7:58:08 PM|Notifier error: TypeError: log[type] is not a function
	InfoService error|7:58:08 PM|Error: Unable to save new rates
_________________1-9-2020 8:00:19 PM_________________

	InfoService info|8:00:19 PM|------------ Rates update started -------------
	InfoService info|8:00:19 PM|ADAMANT-INFO server listening on port 36668
	InfoService info|8:00:20 PM|MOEX rates updated successfully
	InfoService error|8:00:20 PM|Unable to process data from request to pro-api.coinmarketcap.com. Wrong CMC API key? Error: TypeError: Cannot read property 'quote' of undefined
	InfoService error|8:00:20 PM|Error: Unable to save new rates
_________________1-9-2020 8:02:40 PM_________________

	InfoService info|8:02:40 PM|------------ Rates update started -------------
	InfoService info|8:02:40 PM|ADAMANT-INFO server listening on port 36668
	InfoService info|8:02:40 PM|MOEX rates updated successfully
	InfoService error|8:02:41 PM|Unable to process data from request to pro-api.coinmarketcap.com. Wrong CMC API key? Error: TypeError: Cannot read property 'quote' of undefined
	InfoService error|8:02:41 PM|Error: Unable to save new rates
_________________1-9-2020 8:06:29 PM_________________

	InfoService info|8:06:29 PM|------------ Rates update started -------------
	InfoService info|8:06:29 PM|ADAMANT-INFO server listening on port 36668
	InfoService info|8:06:30 PM|MOEX rates updated successfully
	InfoService error|8:06:31 PM|Unable to process data from request to pro-api.coinmarketcap.com. Wrong CMC API key? Error: TypeError: Cannot read property 'quote' of undefined
	InfoService error|8:06:31 PM|Error: Unable to save new rates
_________________1-9-2020 8:06:58 PM_________________

	InfoService info|8:06:58 PM|------------ Rates update started -------------
	InfoService info|8:06:58 PM|ADAMANT-INFO server listening on port 36668
	InfoService info|8:06:59 PM|MOEX rates updated successfully
	InfoService error|8:06:59 PM|Unable to process data from request to pro-api.coinmarketcap.com. Wrong CMC API key? Error: TypeError: Cannot read property 'quote' of undefined
	InfoService error|8:06:59 PM|Error: Unable to save new rates
_________________1-9-2020 8:08:51 PM_________________

	InfoService info|8:08:51 PM|------------ Rates update started -------------
	InfoService info|8:08:51 PM|ADAMANT-INFO server listening on port 36668
	InfoService info|8:08:52 PM|MOEX rates updated successfully
	InfoService error|8:08:52 PM|Unable to process data from request to pro-api.coinmarketcap.com. Wrong CMC API key? Error: TypeError: Cannot read property 'quote' of undefined
_________________1-9-2020 8:09:34 PM_________________

	InfoService info|8:09:34 PM|------------ Rates update started -------------
	InfoService info|8:09:34 PM|ADAMANT-INFO server listening on port 36668
	InfoService info|8:09:35 PM|MOEX rates updated successfully
	InfoService error|8:09:35 PM|Unable to process data from request to pro-api.coinmarketcap.com. Wrong CMC API key? Error: TypeError: Cannot read property 'quote' of undefined
	InfoService error|8:09:35 PM|Error: Unable to save new rates
_________________1-9-2020 8:10:11 PM_________________

	InfoService info|8:10:12 PM|------------ Rates update started -------------
	InfoService info|8:10:12 PM|ADAMANT-INFO server listening on port 36668
	InfoService info|8:10:12 PM|MOEX rates updated successfully
	InfoService error|8:10:13 PM|Unable to process data from request to pro-api.coinmarketcap.com. Wrong CMC API key? Error: TypeError: Cannot read property 'quote' of undefined
	InfoService error|8:10:14 PM|Error: Unable to save new rates
_________________1-9-2020 8:12:13 PM_________________

	InfoService info|8:12:14 PM|------------ Rates update started -------------
	InfoService info|8:12:14 PM|ADAMANT-INFO server listening on port 36668
	InfoService info|8:12:14 PM|MOEX rates updated successfully
	InfoService error|8:12:17 PM|Unable to process data from request to pro-api.coinmarketcap.com. Wrong CMC API key? Error: TypeError: Cannot read property 'quote' of undefined
	InfoService info|8:12:17 PM|New rates saved successfully
_________________1-9-2020 8:15:29 PM_________________

	InfoService info|8:15:29 PM|------------ Rates update started -------------
	InfoService info|8:15:29 PM|ADAMANT-INFO server listening on port 36668
	InfoService info|8:15:30 PM|MOEX rates updated successfully
	InfoService error|8:15:30 PM|Unable to process data from request to pro-api.coinmarketcap.com. Wrong CMC API key? Error: TypeError: Cannot read property 'quote' of undefined
	InfoService error|8:15:30 PM|Error: Unable to save new rates. InfoService will return previous rates.
_________________1-9-2020 8:17:26 PM_________________

	InfoService info|8:17:26 PM|------------ Rates update started -------------
	InfoService info|8:17:26 PM|ADAMANT-INFO server listening on port 36668
	InfoService info|8:17:27 PM|MOEX rates updated successfully
	InfoService error|8:17:27 PM|Unable to process data from request to pro-api.coinmarketcap.com. Wrong CMC API key? Error: TypeError: Cannot read property 'quote' of undefined
	InfoService error|8:17:28 PM|Error: Unable to save new rates. InfoService will provide no rates.
_________________1-9-2020 8:18:03 PM_________________

	InfoService info|8:18:03 PM|------------ Rates update started -------------
	InfoService info|8:18:03 PM|ADAMANT-INFO server listening on port 36668
	InfoService error|8:18:03 PM|Unable to process request to iss.moex.com
	InfoService error|8:18:04 PM|Unable to process data from request to pro-api.coinmarketcap.com. Wrong CMC API key? Error: TypeError: Cannot read property 'quote' of undefined
	InfoService error|8:18:04 PM|Error: Unable to save new rates. InfoService will provide no rates.
_________________1-9-2020 8:20:17 PM_________________

	InfoService info|8:20:17 PM|------------ Rates update started -------------
	InfoService info|8:20:17 PM|ADAMANT-INFO server listening on port 36668
	InfoService error|8:20:17 PM|Unable to process request to iss.moex.com
	InfoService error|8:20:18 PM|Unable to process data from request to pro-api.coinmarketcap.com. Wrong CMC API key? Error: TypeError: Cannot read property 'quote' of undefined
	InfoService error|8:20:18 PM|Error: Unable to save new rates. InfoService will provide no rates.
_________________1-9-2020 8:22:22 PM_________________

	InfoService info|8:22:22 PM|------------ Rates update started -------------
	InfoService info|8:22:22 PM|ADAMANT-INFO server listening on port 36668
	InfoService error|8:22:22 PM|Unable to process request to iss.moex.com
	InfoService error|8:22:23 PM|Unable to process data from request to pro-api.coinmarketcap.com. Wrong CMC API key? Error: TypeError: Cannot read property 'quote' of undefined
	InfoService error|8:22:23 PM|Error: Unable to save new rates. InfoService will provide no rates.
_________________1-9-2020 8:24:44 PM_________________

	InfoService info|8:24:45 PM|------------ Rates update started -------------
	InfoService info|8:24:45 PM|ADAMANT-INFO server listening on port 36668
	InfoService error|8:24:45 PM|Unable to process request to iss.moex.com
	InfoService error|8:24:45 PM|Unable to process data from request to pro-api.coinmarketcap.com. Wrong CMC API key? Error: TypeError: Cannot read property 'quote' of undefined
	InfoService error|8:24:45 PM|Error: Unable to save new rates. InfoService will provide no rates.
_________________1-9-2020 8:25:14 PM_________________

	InfoService info|8:25:15 PM|------------ Rates update started -------------
	InfoService info|8:25:15 PM|ADAMANT-INFO server listening on port 36668
	InfoService error|8:25:15 PM|Unable to process request to iss.moex.com
	InfoService error|8:25:16 PM|Unable to process data from request to pro-api.coinmarketcap.com. Wrong CMC API key? Error: TypeError: Cannot read property 'quote' of undefined
	InfoService error|8:25:16 PM|Error: Unable to save new rates. InfoService will provide no rates.
_________________1-9-2020 8:26:02 PM_________________

	InfoService info|8:26:02 PM|------------ Rates update started -------------
	InfoService info|8:26:02 PM|ADAMANT-INFO server listening on port 36668
	InfoService error|8:26:02 PM|Unable to process request to iss.moex.com
	InfoService error|8:26:03 PM|Unable to process data from request to pro-api.coinmarketcap.com. Wrong CMC API key? Error: TypeError: Cannot read property 'quote' of undefined
	InfoService error|8:26:03 PM|Error: Unable to save new rates. InfoService will provide no rates.
_________________1-9-2020 8:26:43 PM_________________

	InfoService info|8:26:43 PM|------------ Rates update started -------------
	InfoService info|8:26:43 PM|ADAMANT-INFO server listening on port 36668
	InfoService error|8:26:43 PM|Unable to process request to iss.moex.com
	InfoService error|8:26:44 PM|Unable to process data from request to pro-api.coinmarketcap.com. Wrong CMC API key? Error: TypeError: Cannot read property 'quote' of undefined
	InfoService error|8:26:44 PM|Error: Unable to save new rates. InfoService will provide no rates.
_________________1-9-2020 8:28:37 PM_________________

	InfoService info|8:28:38 PM|------------ Rates update started -------------
	InfoService info|8:28:38 PM|ADAMANT-INFO server listening on port 36668
	InfoService error|8:28:38 PM|Unable to process request to iss.moex.com
	InfoService error|8:28:38 PM|Unable to process data from request to pro-api.coinmarketcap.com. Wrong CMC API key? Error: TypeError: Cannot read property 'quote' of undefined
	InfoService error|8:28:38 PM|Error: Unable to save new rates. InfoService will provide no rates.
_________________1-9-2020 8:31:27 PM_________________

	InfoService info|8:31:27 PM|------------ Rates update started -------------
	InfoService info|8:31:27 PM|ADAMANT-INFO server listening on port 36668
	InfoService error|8:31:28 PM|Unable to process request to iss.moex.com
	InfoService error|8:31:28 PM|Unable to process data from request to pro-api.coinmarketcap.com. Wrong CMC API key? Error: TypeError: Cannot read property 'quote' of undefined
	InfoService error|8:31:28 PM|Error: Unable to save new rates. InfoService will provide no rates.
_________________1-9-2020 8:32:22 PM_________________

	InfoService info|8:32:22 PM|------------ Rates update started -------------
	InfoService info|8:32:22 PM|ADAMANT-INFO server listening on port 36668
	InfoService error|8:32:22 PM|Unable to process request to iss.moex.com
	InfoService error|8:32:24 PM|Unable to process data from request to pro-api.coinmarketcap.com. Wrong CMC API key? Error: TypeError: Cannot read property 'quote' of undefined
	InfoService error|8:32:24 PM|Error: Unable to save new rates. InfoService will provide no rates.
_________________1-9-2020 8:37:25 PM_________________

	InfoService info|8:37:25 PM|------------ Rates update started -------------
	InfoService info|8:37:25 PM|ADAMANT-INFO server listening on port 36668
	InfoService error|8:37:25 PM|Unable to process request to iss.moex.com
	InfoService error|8:37:25 PM|Error: Unable to get data from MOEX. InfoService will provide no rates.
_________________1-9-2020 8:40:06 PM_________________

	InfoService info|8:40:06 PM|------------ Rates update started -------------
	InfoService info|8:40:06 PM|ADAMANT-INFO server listening on port 36668
	InfoService error|8:40:06 PM|Unable to process request to iss.moex.com
	InfoService error|8:40:06 PM|Error: Unable to get data from MOEX. InfoService will provide no rates.
_________________1-9-2020 8:40:46 PM_________________

	InfoService info|8:40:46 PM|------------ Rates update started -------------
	InfoService info|8:40:46 PM|ADAMANT-INFO server listening on port 36668
	InfoService error|8:40:46 PM|Unable to process request to iss.moex.com
	InfoService error|8:40:46 PM|Error: Unable to get data from MOEX. InfoService will provide no rates.
	InfoService info|8:40:52 PM|------------ Rates update started -------------
	InfoService error|8:40:52 PM|Unable to process request to iss.moex.com
	InfoService error|8:40:52 PM|Error: Unable to get data from MOEX. InfoService will provide no rates.